生成启动时间为 2016/9/13 12:45:14。
     1>项目“C:\Users\asus1\Desktop\Tuopo\Tuopo\Tuopo.vcxproj”在节点 2 上(build 个目标)。
     1>InitializeBuildStatus:
         正在对“Debug\Tuopo.unsuccessfulbuild”执行 Touch 任务。
       ClCompile:
         g:\Microsoft Visual Studio 10.0\VC\bin\CL.exe /c /ZI /nologo /W3 /WX- /Od /Oy- /D WIN32 /D _DEBUG /D _CONSOLE /D _UNICODE /D UNICODE /Gm /EHsc /RTC1 /MDd /GS /fp:precise /Zc:wchar_t /Zc:forScope /Fo"Debug\\" /Fd"Debug\vc100.pdb" /Gd /TP /analyze- /errorReport:prompt main.cpp
         main.cpp
       ManifestResourceCompile:
         C:\Program Files (x86)\Microsoft SDKs\Windows\v7.0A\bin\rc.exe /nologo /fo"Debug\Tuopo.exe.embed.manifest.res" Debug\Tuopo_manifest.rc 
       Link:
         g:\Microsoft Visual Studio 10.0\VC\bin\link.exe /ERRORREPORT:PROMPT /OUT:"C:\Users\asus1\Desktop\Tuopo\Debug\Tuopo.exe" /INCREMENTAL /NOLOGO kernel32.lib user32.lib gdi32.lib winspool.lib comdlg32.lib advapi32.lib shell32.lib ole32.lib oleaut32.lib uuid.lib odbc32.lib odbccp32.lib /MANIFEST /ManifestFile:"Debug\Tuopo.exe.intermediate.manifest" /MANIFESTUAC:"level='asInvoker' uiAccess='false'" /DEBUG /PDB:"C:\Users\asus1\Desktop\Tuopo\Debug\Tuopo.pdb" /SUBSYSTEM:CONSOLE /TLBID:1 /DYNAMICBASE /NXCOMPAT /IMPLIB:"C:\Users\asus1\Desktop\Tuopo\Debug\Tuopo.lib" /MACHINE:X86 Debug\Tuopo.exe.embed.manifest.res
         Debug\main.obj
       Manifest:
         C:\Program Files (x86)\Microsoft SDKs\Windows\v7.0A\bin\mt.exe /nologo /verbose /out:"Debug\Tuopo.exe.embed.manifest" /manifest Debug\Tuopo.exe.intermediate.manifest
         C:\Program Files (x86)\Microsoft SDKs\Windows\v7.0A\bin\rc.exe /nologo /fo"Debug\Tuopo.exe.embed.manifest.res" Debug\Tuopo_manifest.rc 
       LinkEmbedManifest:
         g:\Microsoft Visual Studio 10.0\VC\bin\link.exe /ERRORREPORT:PROMPT /OUT:"C:\Users\asus1\Desktop\Tuopo\Debug\Tuopo.exe" /INCREMENTAL /NOLOGO kernel32.lib user32.lib gdi32.lib winspool.lib comdlg32.lib advapi32.lib shell32.lib ole32.lib oleaut32.lib uuid.lib odbc32.lib odbccp32.lib /MANIFEST /ManifestFile:"Debug\Tuopo.exe.intermediate.manifest" /MANIFESTUAC:"level='asInvoker' uiAccess='false'" /DEBUG /PDB:"C:\Users\asus1\Desktop\Tuopo\Debug\Tuopo.pdb" /SUBSYSTEM:CONSOLE /TLBID:1 /DYNAMICBASE /NXCOMPAT /IMPLIB:"C:\Users\asus1\Desktop\Tuopo\Debug\Tuopo.lib" /MACHINE:X86 Debug\Tuopo.exe.embed.manifest.res
         Debug\main.obj
         Tuopo.vcxproj -> C:\Users\asus1\Desktop\Tuopo\Debug\Tuopo.exe
       FinalizeBuildStatus:
         正在删除文件“Debug\Tuopo.unsuccessfulbuild”。
         正在对“Debug\Tuopo.lastbuildstate”执行 Touch 任务。
     1>已完成生成项目“C:\Users\asus1\Desktop\Tuopo\Tuopo\Tuopo.vcxproj”(build 个目标)的操作。

生成成功。

已用时间 00:00:01.89
